
> blog@0.0.1 build
> astro build

[2m22:13:42[22m [34m[content][39m Syncing content
[2m22:13:42[22m [34m[content][39m Synced content
[2m22:13:42[22m [34m[types][39m Generated [2m473ms[22m
[2m22:13:42[22m [34m[build][39m output: [34m"static"[39m
[2m22:13:42[22m [34m[build][39m mode: [34m"static"[39m
[2m22:13:42[22m [34m[build][39m directory: [34mC:\Users\Angee\OneDrive\Escritorio\dev\blog\dist\[39m
[2m22:13:42[22m [34m[build][39m Collecting build info...
[2m22:13:42[22m [34m[build][39m [32m✓ Completed in 495ms.[39m
[2m22:13:42[22m [34m[build][39m Building static entrypoints...
[2m22:13:43[22m [34m[vite][39m [32m✓ built in 836ms[39m
[2m22:13:43[22m [34m[vite][39m [32m✓ built in 457ms[39m
[2m22:13:43[22m [34m[build][39m Rearranging server assets...

[42m[30m generating static routes [39m[49m
[2m22:13:43[22m   [34m├─[39m [2m/es/blog/expansion-del-universo/index.html[22m [2m(+29ms)[22m 
[2m22:13:43[22m   [34m├─[39m [2m/es/index.html[22m [2m(+8ms)[22m 
[2m22:13:43[22m   [34m├─[39m [2m/en/index.html[22m [2m(+4ms)[22m 
[2m22:13:43[22m   [34m├─[39m [2m/index.html[22m [2m(+7ms)[22m 
[2m22:13:43[22m [32m✓ Completed in 102ms.
[39m
[2m22:13:43[22m [34m[build][39m [32m✓ Completed in 1.46s.[39m
[2m22:13:43[22m [34m[build][39m 4 page(s) built in [1m1.95s[22m
[2m22:13:43[22m [34m[build][39m [1mComplete![22m
